Generated by bash script '/home/user/bin/gengitinfo' on date 'Tue Mar  5 07:16:05 CET 2019'
//////////////////
$ pwd
/home/user/build/amdmsrtweaker-lnx
//////////////////
$ git remote -v
origin	git@github.com:xftroxgpx/amdmsrtweaker-lnx.git (fetch)
origin	git@github.com:xftroxgpx/amdmsrtweaker-lnx.git (push)
origin	git@bitbucket.org:xftroxgpx/amdmsrtweaker-lnx.git (push)
origin	git@gitlab.com:xftroxgpx/amdmsrtweaker-lnx.git (push)
origin	git@notabug.org:xftroxgpx/amdmsrtweaker-lnx.git (push)
//////////////////
$ gitloghead4
commit 63c1e5b7243e102158f5cac205c19590671ada85
Author: none <none>
Date:   Tue Mar 5 07:00:16 2019 +0100

//////////////////
$ git status
On branch master
Your branch is ahead of 'origin/master' by 2 commits.
  (use "git push" to publish your local commits)

Untracked files:
  (use "git add <file>..." to include in what will be committed)

	.gitinfo.log

nothing added to commit but untracked files present (use "git add" to track)
//////////////////
$ git diff
//////////////////
